Grammar

    0 $accept: infix $end

    1 infix: infix expression '\n'
    2      | ε

    3 expression: NUM
    4           | '(' expression ')'
    5           | TXT '=' expression
    6           | TXT
    7           | expression '+' expression
    8           | expression '-' expression
    9           | expression '*' expression
   10           | expression '/' expression
   11           | expression EXP expression
   12           | '!' expression
   13           | expression '?' expression


Terminals, with rules where they appear

    $end (0) 0
    '\n' (10) 1
    '!' (33) 12
    '(' (40) 4
    ')' (41) 4
    '*' (42) 9
    '+' (43) 7
    '-' (45) 8
    '/' (47) 10
    '=' (61) 5
    '?' (63) 13
    error (256)
    NUM <d> (258) 3
    TXT <text> (259) 5 6
    EXP (260) 11


Nonterminals, with rules where they appear

    $accept (16)
        on left: 0
    infix (17)
        on left: 1 2
        on right: 0 1
    expression <nPointer> (18)
        on left: 3 4 5 6 7 8 9 10 11 12 13
        on right: 1 4 5 7 8 9 10 11 12 13


State 0

    0 $accept: • infix $end

    $default  reduce using rule 2 (infix)

    infix  go to state 1


State 1

    0 $accept: infix • $end
    1 infix: infix • expression '\n'

    $end  shift, and go to state 2
    NUM   shift, and go to state 3
    TXT   shift, and go to state 4
    '('   shift, and go to state 5
    '!'   shift, and go to state 6

    expression  go to state 7


State 2

    0 $accept: infix $end •

    $default  accept


State 3

    3 expression: NUM •

    $default  reduce using rule 3 (expression)


State 4

    5 expression: TXT • '=' expression
    6           | TXT •

    '='  shift, and go to state 8

    $default  reduce using rule 6 (expression)


State 5

    4 expression: '(' • expression ')'

    NUM  shift, and go to state 3
    TXT  shift, and go to state 4
    '('  shift, and go to state 5
    '!'  shift, and go to state 6

    expression  go to state 9


State 6

   12 expression: '!' • expression

    NUM  shift, and go to state 3
    TXT  shift, and go to state 4
    '('  shift, and go to state 5
    '!'  shift, and go to state 6

    expression  go to state 10


State 7

    1 infix: infix expression • '\n'
    7 expression: expression • '+' expression
    8           | expression • '-' expression
    9           | expression • '*' expression
   10           | expression • '/' expression
   11           | expression • EXP expression
   13           | expression • '?' expression

    '+'   shift, and go to state 11
    '-'   shift, and go to state 12
    '*'   shift, and go to state 13
    '/'   shift, and go to state 14
    EXP   shift, and go to state 15
    '?'   shift, and go to state 16
    '\n'  shift, and go to state 17


State 8

    5 expression: TXT '=' • expression

    NUM  shift, and go to state 3
    TXT  shift, and go to state 4
    '('  shift, and go to state 5
    '!'  shift, and go to state 6

    expression  go to state 18


State 9

    4 expression: '(' expression • ')'
    7           | expression • '+' expression
    8           | expression • '-' expression
    9           | expression • '*' expression
   10           | expression • '/' expression
   11           | expression • EXP expression
   13           | expression • '?' expression

    ')'  shift, and go to state 19
    '+'  shift, and go to state 11
    '-'  shift, and go to state 12
    '*'  shift, and go to state 13
    '/'  shift, and go to state 14
    EXP  shift, and go to state 15
    '?'  shift, and go to state 16


State 10

    7 expression: expression • '+' expression
    8           | expression • '-' expression
    9           | expression • '*' expression
   10           | expression • '/' expression
   11           | expression • EXP expression
   12           | '!' expression •
   13           | expression • '?' expression

    '?'  shift, and go to state 16

    $default  reduce using rule 12 (expression)


State 11

    7 expression: expression '+' • expression

    NUM  shift, and go to state 3
    TXT  shift, and go to state 4
    '('  shift, and go to state 5
    '!'  shift, and go to state 6

    expression  go to state 20


State 12

    8 expression: expression '-' • expression

    NUM  shift, and go to state 3
    TXT  shift, and go to state 4
    '('  shift, and go to state 5
    '!'  shift, and go to state 6

    expression  go to state 21


State 13

    9 expression: expression '*' • expression

    NUM  shift, and go to state 3
    TXT  shift, and go to state 4
    '('  shift, and go to state 5
    '!'  shift, and go to state 6

    expression  go to state 22


State 14

   10 expression: expression '/' • expression

    NUM  shift, and go to state 3
    TXT  shift, and go to state 4
    '('  shift, and go to state 5
    '!'  shift, and go to state 6

    expression  go to state 23


State 15

   11 expression: expression EXP • expression

    NUM  shift, and go to state 3
    TXT  shift, and go to state 4
    '('  shift, and go to state 5
    '!'  shift, and go to state 6

    expression  go to state 24


State 16

   13 expression: expression '?' • expression

    NUM  shift, and go to state 3
    TXT  shift, and go to state 4
    '('  shift, and go to state 5
    '!'  shift, and go to state 6

    expression  go to state 25


State 17

    1 infix: infix expression '\n' •

    $default  reduce using rule 1 (infix)


State 18

    5 expression: TXT '=' expression •
    7           | expression • '+' expression
    8           | expression • '-' expression
    9           | expression • '*' expression
   10           | expression • '/' expression
   11           | expression • EXP expression
   13           | expression • '?' expression

    '+'  shift, and go to state 11
    '-'  shift, and go to state 12
    '*'  shift, and go to state 13
    '/'  shift, and go to state 14
    EXP  shift, and go to state 15
    '?'  shift, and go to state 16

    $default  reduce using rule 5 (expression)


State 19

    4 expression: '(' expression ')' •

    $default  reduce using rule 4 (expression)


State 20

    7 expression: expression • '+' expression
    7           | expression '+' expression •
    8           | expression • '-' expression
    9           | expression • '*' expression
   10           | expression • '/' expression
   11           | expression • EXP expression
   13           | expression • '?' expression

    EXP  shift, and go to state 15
    '?'  shift, and go to state 16

    $default  reduce using rule 7 (expression)


State 21

    7 expression: expression • '+' expression
    8           | expression • '-' expression
    8           | expression '-' expression •
    9           | expression • '*' expression
   10           | expression • '/' expression
   11           | expression • EXP expression
   13           | expression • '?' expression

    EXP  shift, and go to state 15
    '?'  shift, and go to state 16

    $default  reduce using rule 8 (expression)


State 22

    7 expression: expression • '+' expression
    8           | expression • '-' expression
    9           | expression • '*' expression
    9           | expression '*' expression •
   10           | expression • '/' expression
   11           | expression • EXP expression
   13           | expression • '?' expression

    EXP  shift, and go to state 15
    '?'  shift, and go to state 16

    $default  reduce using rule 9 (expression)


State 23

    7 expression: expression • '+' expression
    8           | expression • '-' expression
    9           | expression • '*' expression
   10           | expression • '/' expression
   10           | expression '/' expression •
   11           | expression • EXP expression
   13           | expression • '?' expression

    EXP  shift, and go to state 15
    '?'  shift, and go to state 16

    $default  reduce using rule 10 (expression)


State 24

    7 expression: expression • '+' expression
    8           | expression • '-' expression
    9           | expression • '*' expression
   10           | expression • '/' expression
   11           | expression • EXP expression
   11           | expression EXP expression •
   13           | expression • '?' expression

    EXP  shift, and go to state 15
    '?'  shift, and go to state 16

    $default  reduce using rule 11 (expression)


State 25

    7 expression: expression • '+' expression
    8           | expression • '-' expression
    9           | expression • '*' expression
   10           | expression • '/' expression
   11           | expression • EXP expression
   13           | expression • '?' expression
   13           | expression '?' expression •

    '?'  shift, and go to state 16

    $default  reduce using rule 13 (expression)
